[38;5;112m[Appium][0m Welcome to Appium v2.11.2 (REV e5f776b3e23cae8f1b6c3d1194b8329bf701965f)
[38;5;112m[Appium][0m Non-default server args:
[38;5;112m[Appium][0m { basePath: [32m'/wd/hub'[39m, loglevel: [32m'info'[39m, port: [33m49979[39m }
[38;5;112m[Appium][0m Attempting to load driver uiautomator2...
[38;5;112m[Appium][0m Appium REST http interface listener started on http://0.0.0.0:49979/wd/hub
[38;5;112m[Appium][0m You can provide the following URLs in your client code to connect to this server:
	http://127.0.0.1:49979/wd/hub (only accessible from the same host)
	http://192.168.8.155:49979/wd/hub
[38;5;112m[Appium][0m Available drivers:
[38;5;112m[Appium][0m   - uiautomator2@3.7.5 (automationName 'UiAutomator2')
[38;5;112m[Appium][0m No plugins have been installed. Use the "appium plugin" command to install the one(s) you want to use.
[38;5;86m[HTTP][0m [37m-->[39m [37mGET[39m [37m/wd/hub/status[39m {}
[38;5;86m[HTTP][0m <-- GET /wd/hub/status 200 2 ms - 200 
[38;5;86m[HTTP][0m [37m-->[39m [37mGET[39m [37m/wd/hub/status[39m {}
[38;5;86m[HTTP][0m <-- GET /wd/hub/status 200 0 ms - 200 
[38;5;86m[HTTP][0m [37m-->[39m [37mPOST[39m [37m/wd/hub/session[39m {"desiredCapabilities":{"appium:systemPort":49991,"appium:newCommandTimeout":1800,"appium:automationName":"UiAutomator2","appium:fullReset":false,"appium:platformVersion":"15","appium:deviceId":"emulator-5554","appium:noReset":true,"appium:udid":"emulator-5554","appium:autoGrantPermissions":true,"appium:platformName":"Android","appium:deviceName":"Android Emulator","platformName":"Android","appium:app":"/Users/qa/Documents/repository/e2e-web/e2e-web/Data Files/app-stg-release.apk"},"capabilities":{"firstMatch":[{"appium:app":"/Users/qa/Documents/repository/e2e-web/e2e-web/Data Files/app-stg-release.apk","appium:autoGrantPermissions":true,"appium:automationName":"UiAutomator2","appium:deviceId":"emulator-5554","appium:deviceName":"Android Emulator","appium:fullReset":false,"appium:newCommandTimeout":1800,"appium:noReset":true,"appium:platformName":"Android","appium:platformVersion":"15","appium:systemPort":49991,"appium:udid":"emulator-5554","platformName":"android"}]}}
[38;5;123m[BaseDriver][0m Ignoring capability 'appium:platformName=Android' and using capability 'platformName=android'
[38;5;123m[BaseDriver][0m The capabilities ["platformName"] are standard capabilities and do not require "appium:" prefix
[38;5;112m[Appium][0m Attempting to find matching driver for automationName 'UiAutomator2' and platformName 'android'
[38;5;112m[Appium][0m The 'uiautomator2' driver was installed and matched caps.
[38;5;112m[Appium][0m Will require it at /Users/qa/.appium/node_modules/appium-uiautomator2-driver
[38;5;225m[AppiumDriver@5da3][0m Appium v2.11.2 creating new AndroidUiautomator2Driver (v3.7.5) session
[38;5;225m[AppiumDriver@5da3][0m Checking BaseDriver versions for Appium and AndroidUiautomator2Driver
[38;5;225m[AppiumDriver@5da3][0m Appium's BaseDriver version is 9.11.2
[38;5;225m[AppiumDriver@5da3][0m AndroidUiautomator2Driver's BaseDriver version is 9.11.2
[38;5;-47m[AndroidUiautomator2Driver@e269][0m The following provided capabilities were not recognized by this driver:
[38;5;-47m[AndroidUiautomator2Driver@e269][0m   deviceId
[38;5;29m[d0b461dd][0m[38;5;-47m[AndroidUiautomator2Driver@e269][0m Session created with session id: d0b461dd-adc5-43e7-a1e5-261d379fd8ab
[38;5;29m[d0b461dd][0m[38;5;229m[ADB][0m Found 1 'build-tools' folders under '/Users/qa/.katalon/tools/android_sdk' (newest first):
[38;5;29m[d0b461dd][0m[38;5;229m[ADB][0m     /Users/qa/.katalon/tools/android_sdk/build-tools/29.0.3
[38;5;29m[d0b461dd][0m[38;5;229m[ADB][0m Using 'adb' from '/Users/qa/.katalon/tools/android_sdk/platform-tools/adb'
[38;5;29m[d0b461dd][0m[38;5;-47m[AndroidUiautomator2Driver@e269][0m Retrieving device list
[38;5;29m[d0b461dd][0m[38;5;-47m[AndroidUiautomator2Driver@e269][0m Using device: emulator-5554
[38;5;29m[d0b461dd][0m[38;5;229m[ADB][0m Using 'adb' from '/Users/qa/.katalon/tools/android_sdk/platform-tools/adb'
[38;5;29m[d0b461dd][0m[38;5;123m[BaseDriver][0m Using local app '/Users/qa/Documents/repository/e2e-web/e2e-web/Data Files/app-stg-release.apk'
[38;5;29m[d0b461dd][0m[38;5;229m[ADB][0m Getting device platform version
[38;5;29m[d0b461dd][0m[38;5;-47m[AndroidUiautomator2Driver@e269][0m Relaxing hidden api policy
[38;5;29m[d0b461dd][0m[38;5;229m[ADB][0m Using 'aapt2' from '/Users/qa/.katalon/tools/android_sdk/build-tools/29.0.3/aapt2'
[38;5;29m[d0b461dd][0m[38;5;229m[ADB][0m Package name: 'io.sleekflow.sleekflow'
[38;5;29m[d0b461dd][0m[38;5;229m[ADB][0m Main activity name: 'io.sleekflow.sleekflow.MainActivity'
[38;5;29m[d0b461dd][0m[38;5;-47m[AndroidUiautomator2Driver@e269][0m Server packages are not going to be (re)installed
[38;5;29m[d0b461dd][0m[38;5;229m[ADB][0m Adding packages ["io.appium.settings","io.appium.uiautomator2.server","io.appium.uiautomator2.server.test"] to Doze whitelist
[38;5;29m[d0b461dd][0m[38;5;229m[ADB][0m Using 'apksigner.jar' from '/Users/qa/.katalon/tools/android_sdk/build-tools/29.0.3/lib/apksigner.jar'
[38;5;29m[d0b461dd][0m[38;5;229m[ADB][0m '/Users/qa/Documents/repository/e2e-web/e2e-web/Data Files/app-stg-release.apk' is signed with a non-default certificate
[38;5;29m[d0b461dd][0m[38;5;229m[ADB][0m The application at '/Users/qa/Documents/repository/e2e-web/e2e-web/Data Files/app-stg-release.apk' will not be cached, because the device under test has confirmed the support of streamed installs
[38;5;29m[d0b461dd][0m[38;5;229m[ADB][0m The installation of 'app-stg-release.apk' took 773ms
[38;5;29m[d0b461dd][0m[38;5;-47m[AndroidUiautomator2Driver@e269][0m Starting UIAutomator2 server 7.0.21
[38;5;29m[d0b461dd][0m[38;5;-47m[AndroidUiautomator2Driver@e269][0m Using UIAutomator2 server from '/Users/qa/.appium/node_modules/appium-uiautomator2-driver/node_modules/appium-uiautomator2-server/apks/appium-uiautomator2-server-v7.0.21.apk' and test from '/Users/qa/.appium/node_modules/appium-uiautomator2-driver/node_modules/appium-uiautomator2-server/apks/appium-uiautomator2-server-debug-androidTest.apk'
[38;5;29m[d0b461dd][0m[38;5;-47m[AndroidUiautomator2Driver@e269][0m Waiting up to 30000ms for UiAutomator2 to be online...
[38;5;29m[d0b461dd][0m[38;5;-47m[AndroidUiautomator2Driver@e269][0m socket hang up
[38;5;29m[d0b461dd][0m[38;5;-47m[AndroidUiautomator2Driver@e269][0m socket hang up
[38;5;29m[d0b461dd][0m[38;5;-47m[AndroidUiautomator2Driver@e269][0m Determined the downstream protocol as 'W3C'
[38;5;29m[d0b461dd][0m[38;5;-47m[AndroidUiautomator2Driver@e269][0m Screen already unlocked, doing nothing
[38;5;29m[d0b461dd][0m[38;5;-47m[AndroidUiautomator2Driver@e269][0m Starting 'io.sleekflow.sleekflow/io.sleekflow.sleekflow.MainActivity and waiting for 'io.sleekflow.sleekflow/io.sleekflow.sleekflow.MainActivity'
[38;5;29m[d0b461dd][0m[38;5;225m[AppiumDriver@5da3][0m New AndroidUiautomator2Driver session created successfully, session d0b461dd-adc5-43e7-a1e5-261d379fd8ab added to master session list
[38;5;29m[d0b461dd][0m[38;5;86m[HTTP][0m <-- POST /wd/hub/session 200 7324 ms - 1301 
[38;5;29m[d0b461dd][0m[38;5;86m[HTTP][0m [37m-->[39m [37mGET[39m [37m/wd/hub/session/d0b461dd-adc5-43e7-a1e5-261d379fd8ab[39m {}
[38;5;29m[d0b461dd][0m[38;5;86m[HTTP][0m <-- GET /wd/hub/session/d0b461dd-adc5-43e7-a1e5-261d379fd8ab 200 18 ms - 386 
[38;5;29m[d0b461dd][0m[38;5;86m[HTTP][0m [37m-->[39m [37mGET[39m [37m/wd/hub/session/d0b461dd-adc5-43e7-a1e5-261d379fd8ab[39m {}
[38;5;29m[d0b461dd][0m[38;5;86m[HTTP][0m <-- GET /wd/hub/session/d0b461dd-adc5-43e7-a1e5-261d379fd8ab 200 11 ms - 386 
[38;5;86m[HTTP][0m [37m-->[39m [37mGET[39m [37m/wd/hub/status[39m {}
[38;5;86m[HTTP][0m <-- GET /wd/hub/status 200 1 ms - 200 
[38;5;29m[d0b461dd][0m[38;5;86m[HTTP][0m [37m-->[39m [37mPOST[39m [37m/wd/hub/session/d0b461dd-adc5-43e7-a1e5-261d379fd8ab/timeouts[39m {"implicit":60000}
[38;5;29m[d0b461dd][0m[38;5;86m[HTTP][0m <-- POST /wd/hub/session/d0b461dd-adc5-43e7-a1e5-261d379fd8ab/timeouts 200 2 ms - 14 
[38;5;29m[d0b461dd][0m[38;5;86m[HTTP][0m [37m-->[39m [37mGET[39m [37m/wd/hub/session/d0b461dd-adc5-43e7-a1e5-261d379fd8ab/source[39m {}
[38;5;29m[d0b461dd][0m[38;5;-47m[AndroidUiautomator2Driver@e269][0m Driver proxy active, passing request on via HTTP proxy
[38;5;29m[d0b461dd][0m[38;5;-47m[AndroidUiautomator2Driver@e269][0m Replacing sessionId bf3a9b73-fada-4fc7-bf02-33b10ddde213 with d0b461dd-adc5-43e7-a1e5-261d379fd8ab
[38;5;29m[d0b461dd][0m[38;5;86m[HTTP][0m <-- GET /wd/hub/session/d0b461dd-adc5-43e7-a1e5-261d379fd8ab/source 200 716 ms - 6142 
[38;5;29m[d0b461dd][0m[38;5;86m[HTTP][0m [37m-->[39m [37mGET[39m [37m/wd/hub/session/d0b461dd-adc5-43e7-a1e5-261d379fd8ab/screenshot[39m {}
[38;5;29m[d0b461dd][0m[38;5;86m[HTTP][0m <-- GET /wd/hub/session/d0b461dd-adc5-43e7-a1e5-261d379fd8ab/screenshot 200 251 ms - 428768 
[38;5;29m[d0b461dd][0m[38;5;86m[HTTP][0m [37m-->[39m [37mGET[39m [37m/wd/hub/session/d0b461dd-adc5-43e7-a1e5-261d379fd8ab/source[39m {}
[38;5;29m[d0b461dd][0m[38;5;-47m[AndroidUiautomator2Driver@e269][0m Driver proxy active, passing request on via HTTP proxy
[38;5;29m[d0b461dd][0m[38;5;-47m[AndroidUiautomator2Driver@e269][0m Replacing sessionId bf3a9b73-fada-4fc7-bf02-33b10ddde213 with d0b461dd-adc5-43e7-a1e5-261d379fd8ab
[38;5;29m[d0b461dd][0m[38;5;86m[HTTP][0m <-- GET /wd/hub/session/d0b461dd-adc5-43e7-a1e5-261d379fd8ab/source 200 38 ms - 6155 
[38;5;29m[d0b461dd][0m[38;5;86m[HTTP][0m [37m-->[39m [37mGET[39m [37m/wd/hub/session/d0b461dd-adc5-43e7-a1e5-261d379fd8ab/screenshot[39m {}
[38;5;29m[d0b461dd][0m[38;5;86m[HTTP][0m <-- GET /wd/hub/session/d0b461dd-adc5-43e7-a1e5-261d379fd8ab/screenshot 200 216 ms - 300728 
[38;5;29m[d0b461dd][0m[38;5;86m[HTTP][0m [37m-->[39m [37mGET[39m [37m/wd/hub/session/d0b461dd-adc5-43e7-a1e5-261d379fd8ab/source[39m {}
[38;5;29m[d0b461dd][0m[38;5;-47m[AndroidUiautomator2Driver@e269][0m Driver proxy active, passing request on via HTTP proxy
[38;5;29m[d0b461dd][0m[38;5;-47m[AndroidUiautomator2Driver@e269][0m Replacing sessionId bf3a9b73-fada-4fc7-bf02-33b10ddde213 with d0b461dd-adc5-43e7-a1e5-261d379fd8ab
[38;5;29m[d0b461dd][0m[38;5;86m[HTTP][0m <-- GET /wd/hub/session/d0b461dd-adc5-43e7-a1e5-261d379fd8ab/source 200 28 ms - 6144 
[38;5;29m[d0b461dd][0m[38;5;86m[HTTP][0m [37m-->[39m [37mGET[39m [37m/wd/hub/session/d0b461dd-adc5-43e7-a1e5-261d379fd8ab/screenshot[39m {}
[38;5;29m[d0b461dd][0m[38;5;86m[HTTP][0m <-- GET /wd/hub/session/d0b461dd-adc5-43e7-a1e5-261d379fd8ab/screenshot 200 287 ms - 601464 
[38;5;29m[d0b461dd][0m[38;5;86m[HTTP][0m [37m-->[39m [37mPOST[39m [37m/wd/hub/session/d0b461dd-adc5-43e7-a1e5-261d379fd8ab/timeouts[39m {"implicit":1000}
[38;5;29m[d0b461dd][0m[38;5;86m[HTTP][0m <-- POST /wd/hub/session/d0b461dd-adc5-43e7-a1e5-261d379fd8ab/timeouts 200 25 ms - 14 
[38;5;29m[d0b461dd][0m[38;5;86m[HTTP][0m [37m-->[39m [37mPOST[39m [37m/wd/hub/session/d0b461dd-adc5-43e7-a1e5-261d379fd8ab/timeouts[39m {"implicit":1000}
[38;5;29m[d0b461dd][0m[38;5;86m[HTTP][0m <-- POST /wd/hub/session/d0b461dd-adc5-43e7-a1e5-261d379fd8ab/timeouts 200 2 ms - 14 
[38;5;29m[d0b461dd][0m[38;5;86m[HTTP][0m [37m-->[39m [37mPOST[39m [37m/wd/hub/session/d0b461dd-adc5-43e7-a1e5-261d379fd8ab/elements[39m {"using":"name","value":""}
[38;5;29m[d0b461dd][0m[38;5;86m[HTTP][0m <-- POST /wd/hub/session/d0b461dd-adc5-43e7-a1e5-261d379fd8ab/elements 400 16 ms - 1874 
[38;5;29m[d0b461dd][0m[38;5;86m[HTTP][0m [37m-->[39m [37mPOST[39m [37m/wd/hub/session/d0b461dd-adc5-43e7-a1e5-261d379fd8ab/timeouts[39m {"implicit":1000}
[38;5;29m[d0b461dd][0m[38;5;86m[HTTP][0m <-- POST /wd/hub/session/d0b461dd-adc5-43e7-a1e5-261d379fd8ab/timeouts 200 2 ms - 14 
[38;5;29m[d0b461dd][0m[38;5;86m[HTTP][0m [37m-->[39m [37mPOST[39m [37m/wd/hub/session/d0b461dd-adc5-43e7-a1e5-261d379fd8ab/elements[39m {"using":"name","value":""}
[38;5;29m[d0b461dd][0m[38;5;86m[HTTP][0m <-- POST /wd/hub/session/d0b461dd-adc5-43e7-a1e5-261d379fd8ab/elements 400 2 ms - 1874 
[38;5;29m[d0b461dd][0m[38;5;86m[HTTP][0m [37m-->[39m [37mPOST[39m [37m/wd/hub/session/d0b461dd-adc5-43e7-a1e5-261d379fd8ab/timeouts[39m {"implicit":1000}
[38;5;29m[d0b461dd][0m[38;5;86m[HTTP][0m <-- POST /wd/hub/session/d0b461dd-adc5-43e7-a1e5-261d379fd8ab/timeouts 200 1 ms - 14 
[38;5;29m[d0b461dd][0m[38;5;86m[HTTP][0m [37m-->[39m [37mPOST[39m [37m/wd/hub/session/d0b461dd-adc5-43e7-a1e5-261d379fd8ab/elements[39m {"using":"name","value":""}
[38;5;29m[d0b461dd][0m[38;5;86m[HTTP][0m <-- POST /wd/hub/session/d0b461dd-adc5-43e7-a1e5-261d379fd8ab/elements 400 2 ms - 1874 
[38;5;29m[d0b461dd][0m[38;5;86m[HTTP][0m [37m-->[39m [37mPOST[39m [37m/wd/hub/session/d0b461dd-adc5-43e7-a1e5-261d379fd8ab/timeouts[39m {"implicit":1000}
[38;5;29m[d0b461dd][0m[38;5;86m[HTTP][0m <-- POST /wd/hub/session/d0b461dd-adc5-43e7-a1e5-261d379fd8ab/timeouts 200 4 ms - 14 
[38;5;29m[d0b461dd][0m[38;5;86m[HTTP][0m [37m-->[39m [37mPOST[39m [37m/wd/hub/session/d0b461dd-adc5-43e7-a1e5-261d379fd8ab/elements[39m {"using":"xpath","value":"//*[@content-desc = 'Continue to Sleekflow']"}
[38;5;29m[d0b461dd][0m[38;5;86m[HTTP][0m <-- POST /wd/hub/session/d0b461dd-adc5-43e7-a1e5-261d379fd8ab/elements 200 1043 ms - 12 
[38;5;29m[d0b461dd][0m[38;5;86m[HTTP][0m [37m-->[39m [37mPOST[39m [37m/wd/hub/session/d0b461dd-adc5-43e7-a1e5-261d379fd8ab/timeouts[39m {"implicit":1000}
[38;5;29m[d0b461dd][0m[38;5;86m[HTTP][0m <-- POST /wd/hub/session/d0b461dd-adc5-43e7-a1e5-261d379fd8ab/timeouts 200 2 ms - 14 
[38;5;29m[d0b461dd][0m[38;5;86m[HTTP][0m [37m-->[39m [37mPOST[39m [37m/wd/hub/session/d0b461dd-adc5-43e7-a1e5-261d379fd8ab/elements[39m {"using":"xpath","value":"//*[@content-desc = 'Continue to Sleekflow']"}
[38;5;29m[d0b461dd][0m[38;5;86m[HTTP][0m <-- POST /wd/hub/session/d0b461dd-adc5-43e7-a1e5-261d379fd8ab/elements 200 1598 ms - 12 
[38;5;29m[d0b461dd][0m[38;5;86m[HTTP][0m [37m-->[39m [37mPOST[39m [37m/wd/hub/session/d0b461dd-adc5-43e7-a1e5-261d379fd8ab/timeouts[39m {"implicit":1000}
[38;5;29m[d0b461dd][0m[38;5;86m[HTTP][0m <-- POST /wd/hub/session/d0b461dd-adc5-43e7-a1e5-261d379fd8ab/timeouts 200 1 ms - 14 
[38;5;29m[d0b461dd][0m[38;5;86m[HTTP][0m [37m-->[39m [37mPOST[39m [37m/wd/hub/session/d0b461dd-adc5-43e7-a1e5-261d379fd8ab/elements[39m {"using":"-custom","value":"//*[@content-desc = 'Continue to Sleekflow']"}
[38;5;29m[d0b461dd][0m[38;5;86m[HTTP][0m <-- POST /wd/hub/session/d0b461dd-adc5-43e7-a1e5-261d379fd8ab/elements 400 2 ms - 1880 
[38;5;29m[d0b461dd][0m[38;5;86m[HTTP][0m [37m-->[39m [37mPOST[39m [37m/wd/hub/session/d0b461dd-adc5-43e7-a1e5-261d379fd8ab/timeouts[39m {"implicit":1000}
[38;5;29m[d0b461dd][0m[38;5;86m[HTTP][0m <-- POST /wd/hub/session/d0b461dd-adc5-43e7-a1e5-261d379fd8ab/timeouts 200 1 ms - 14 
[38;5;29m[d0b461dd][0m[38;5;86m[HTTP][0m [37m-->[39m [37mPOST[39m [37m/wd/hub/session/d0b461dd-adc5-43e7-a1e5-261d379fd8ab/elements[39m {"using":"-custom","value":"//*[@content-desc = 'Continue to Sleekflow']"}
[38;5;29m[d0b461dd][0m[38;5;86m[HTTP][0m <-- POST /wd/hub/session/d0b461dd-adc5-43e7-a1e5-261d379fd8ab/elements 400 1 ms - 1880 
[38;5;29m[d0b461dd][0m[38;5;86m[HTTP][0m [37m-->[39m [37mPOST[39m [37m/wd/hub/session/d0b461dd-adc5-43e7-a1e5-261d379fd8ab/timeouts[39m {"implicit":1000}
[38;5;29m[d0b461dd][0m[38;5;86m[HTTP][0m <-- POST /wd/hub/session/d0b461dd-adc5-43e7-a1e5-261d379fd8ab/timeouts 200 1 ms - 14 
[38;5;29m[d0b461dd][0m[38;5;86m[HTTP][0m [37m-->[39m [37mPOST[39m [37m/wd/hub/session/d0b461dd-adc5-43e7-a1e5-261d379fd8ab/elements[39m {"using":"-custom","value":"//*[@content-desc = 'Continue to Sleekflow']"}
[38;5;29m[d0b461dd][0m[38;5;86m[HTTP][0m <-- POST /wd/hub/session/d0b461dd-adc5-43e7-a1e5-261d379fd8ab/elements 400 1 ms - 1880 
[38;5;29m[d0b461dd][0m[38;5;86m[HTTP][0m [37m-->[39m [37mPOST[39m [37m/wd/hub/session/d0b461dd-adc5-43e7-a1e5-261d379fd8ab/timeouts[39m {"implicit":1000}
[38;5;29m[d0b461dd][0m[38;5;86m[HTTP][0m <-- POST /wd/hub/session/d0b461dd-adc5-43e7-a1e5-261d379fd8ab/timeouts 200 1 ms - 14 
[38;5;29m[d0b461dd][0m[38;5;86m[HTTP][0m [37m-->[39m [37mPOST[39m [37m/wd/hub/session/d0b461dd-adc5-43e7-a1e5-261d379fd8ab/elements[39m {"using":"-custom","value":"//*[@content-desc = 'Continue to Sleekflow']"}
[38;5;29m[d0b461dd][0m[38;5;86m[HTTP][0m <-- POST /wd/hub/session/d0b461dd-adc5-43e7-a1e5-261d379fd8ab/elements 400 1 ms - 1880 
[38;5;29m[d0b461dd][0m[38;5;86m[HTTP][0m [37m-->[39m [37mPOST[39m [37m/wd/hub/session/d0b461dd-adc5-43e7-a1e5-261d379fd8ab/timeouts[39m {"implicit":1000}
[38;5;29m[d0b461dd][0m[38;5;86m[HTTP][0m <-- POST /wd/hub/session/d0b461dd-adc5-43e7-a1e5-261d379fd8ab/timeouts 200 5 ms - 14 
[38;5;29m[d0b461dd][0m[38;5;86m[HTTP][0m [37m-->[39m [37mPOST[39m [37m/wd/hub/session/d0b461dd-adc5-43e7-a1e5-261d379fd8ab/elements[39m {"using":"xpath","value":"//*[@content-desc = 'Continue to Sleekflow']"}
[38;5;29m[d0b461dd][0m[38;5;86m[HTTP][0m <-- POST /wd/hub/session/d0b461dd-adc5-43e7-a1e5-261d379fd8ab/elements 200 1045 ms - 12 
[38;5;29m[d0b461dd][0m[38;5;-47m[AndroidUiautomator2Driver@e269][0m Shutting down because we waited 1800 seconds for a command
[38;5;29m[d0b461dd][0m[38;5;225m[AppiumDriver@5da3][0m Ending session, cause was 'New Command Timeout of 1800 seconds expired. Try customizing the timeout using the 'newCommandTimeout' desired capability'
[38;5;29m[d0b461dd][0m[38;5;225m[AppiumDriver@5da3][0m Removing session 'd0b461dd-adc5-43e7-a1e5-261d379fd8ab' from our master session list
[38;5;29m[d0b461dd][0m[38;5;-47m[AndroidUiautomator2Driver@e269][0m Restoring hidden api policy to the device default configuration
[38;5;29m[d0b461dd][0m[38;5;86m[HTTP][0m [37m-->[39m [37mDELETE[39m [37m/wd/hub/session/d0b461dd-adc5-43e7-a1e5-261d379fd8ab[39m {}
[38;5;29m[d0b461dd][0m[38;5;86m[HTTP][0m <-- DELETE /wd/hub/session/d0b461dd-adc5-43e7-a1e5-261d379fd8ab 404 23 ms - 2487 
[38;5;112m[Appium][0m Received SIGTERM - shutting down
[38;5;86m[HTTP][0m Closing Appium HTTP server
[38;5;86m[HTTP][0m Appium HTTP server has been succesfully closed after 6ms
